2021-06-20 14:48:17:4817 [31merror[39m: [31mField Query.getTask took 0ms.[39m
[31m It failed with AuthenticationError: Not Authorised[39m
2021-06-20 14:50:14:5014 [31merror[39m: [31mField Query.getTask took 0ms.[39m
[31m It failed with AuthenticationError: Not Authorised[39m
2021-06-20 14:52:27:5227 [31merror[39m: [31mField Query.getTask took 0ms.[39m
[31m It failed with AuthenticationError: Not Authorised[39m
2021-06-20 14:55:45:5545 [37mdebug[39m: [37mUsing .env file to supply config environment variables[39m
2021-06-22 13:14:23:1423 [37mdebug[39m: [37mUsing .env file to supply config environment variables[39m
2021-06-22 13:52:00:520 [37mdebug[39m: [37mUsing .env file to supply config environment variables[39m
2021-06-22 15:27:20:2720 [31merror[39m: [31mField Mutation.addTask took 0ms.[39m
[31m It failed with AuthenticationError: Not Authorised[39m
2021-06-22 15:29:42:2942 [31merror[39m: [31mField Mutation.addTask took 0ms.[39m
[31m It failed with AuthenticationError: Not Authorised[39m
2021-06-22 16:15:27:1527 [31merror[39m: [31mField Query.allTasks took 3000ms.[39m
[31m It failed with MongoError: Pool was force destroyed[39m
2021-06-22 16:15:27:1527 [31merror[39m: [31mField Mutation.logInUser took 1000ms.[39m
[31m It failed with Error: Internal Server Error[39m
2021-06-22 16:15:59:1559 [31merror[39m: [31mField Query.allTasks took 10000ms.[39m
[31m It failed with MongoError: no primary server available[39m
2021-06-22 16:16:00:160 [31merror[39m: [31mField Mutation.logInUser took -50000ms.[39m
[31m It failed with Error: Internal Server Error[39m
2021-06-22 16:17:13:1713 [31merror[39m: [31mField Query.allTasks took 10000ms.[39m
[31m It failed with MongoError: no primary server available[39m
2021-06-22 16:17:15:1715 [31merror[39m: [31mField Mutation.logInUser took 10000ms.[39m
[31m It failed with Error: Internal Server Error[39m
2021-06-23 11:39:46:3946 [37mdebug[39m: [37mUsing .env file to supply config environment variables[39m
2021-06-23 12:40:05:405 [31merror[39m: [31mField Query.getTask took 0ms.[39m
[31m It failed with AuthenticationError: Not Authorised[39m
2021-06-23 12:40:05:405 [31merror[39m: [31mField Query.getTask took 0ms.[39m
[31m It failed with AuthenticationError: Not Authorised[39m
2021-06-23 20:48:21:4821 [37mdebug[39m: [37mUsing .env file to supply config environment variables[39m
2021-06-29 10:39:17:3917 [37mdebug[39m: [37mUsing .env file to supply config environment variables[39m
2021-07-01 12:34:55:3455 [37mdebug[39m: [37mUsing .env file to supply config environment variables[39m
2021-07-01 14:00:20:020 [31merror[39m: [31mField Query.getTask took 0ms.[39m
[31m It failed with AuthenticationError: Not Authorised[39m
2021-07-01 14:00:22:022 [31merror[39m: [31mField Query.getTask took 0ms.[39m
[31m It failed with AuthenticationError: Not Authorised[39m
2021-07-03 15:16:58:1658 [37mdebug[39m: [37mUsing .env file to supply config environment variables[39m
2021-07-03 22:26:20:2620 [31merror[39m: [31mField Query.getTask took 0ms.[39m
[31m It failed with AuthenticationError: Not Authorised[39m
2021-07-03 22:26:20:2620 [31merror[39m: [31mField Query.getTask took 0ms.[39m
[31m It failed with AuthenticationError: Not Authorised[39m
2021-07-05 11:45:21:4521 [37mdebug[39m: [37mUsing .env file to supply config environment variables[39m
